<?xml version="1.0" encoding="UTF-8" ?>
<testsuite errors="0" failures="0" hostname="DESKTOP-B2J4NUH" name="PointBordersTest" skipped="0" tests="4" time="0.12" timestamp="2023-05-17T02:01:13">
  <properties>
[...]
</properties>
  <testcase classname="PointBordersTest" name="testBorderPoints[0]" time="0.022" />
  <testcase classname="PointBordersTest" name="testBorderPoints[1]" time="0.0" />
  <testcase classname="PointBordersTest" name="testBorderPoints[2]" time="0.0" />
  <testcase classname="PointBordersTest" name="testBorderPoints[3]" time="0.0" />
  <system-out><![CDATA[]]></system-out>
  <system-err><![CDATA[]]></system-err>
</testsuite>
